<?xml version="1.0" encoding="UTF-8"?>
<robot generator="Robot 7.4.1 (Python 3.14.2 on win32)" generated="2026-02-02T11:58:37.241304" rpa="false" schemaversion="5">
<suite id="s1" name="TC009 flaskapi" source="C:\Users\HP\PycharmProjects\PythonProject\RobotFW\TC009_flaskapi.robot">
<test id="s1-t1" name="Verify Get_User" line="9">
<kw name="Create Session" owner="RequestsLibrary">
<msg time="2026-02-02T11:58:37.678359" level="INFO">Creating Session using : alias=mysession, url=http://127.0.0.1:5000, headers={},                     cookies={}, auth=None, timeout=None, proxies=None, verify=False,                     debug=0 </msg>
<arg>mysession</arg>
<arg>${baseurl}</arg>
<doc>Create Session: create a HTTP session to a server</doc>
<status status="PASS" start="2026-02-02T11:58:37.677586" elapsed="0.001350"/>
</kw>
<kw name="GET On Session" owner="RequestsLibrary">
<msg time="2026-02-02T11:58:39.725351" level="WARN">Retrying (RetryAdapter(total=2, connect=None, read=None, redirect=None, status=None)) after connection broken by 'NewConnectionError("HTTPConnection(host='127.0.0.1', port=5000): Failed to establish a new connection: [WinError 10061] No connection could be made because the target machine actively refused it")': /users</msg>
<msg time="2026-02-02T11:58:41.951115" level="WARN">Retrying (RetryAdapter(total=1, connect=None, read=None, redirect=None, status=None)) after connection broken by 'NewConnectionError("HTTPConnection(host='127.0.0.1', port=5000): Failed to establish a new connection: [WinError 10061] No connection could be made because the target machine actively refused it")': /users</msg>
<msg time="2026-02-02T11:58:44.380648" level="WARN">Retrying (RetryAdapter(total=0, connect=None, read=None, redirect=None, status=None)) after connection broken by 'NewConnectionError("HTTPConnection(host='127.0.0.1', port=5000): Failed to establish a new connection: [WinError 10061] No connection could be made because the target machine actively refused it")': /users</msg>
<msg time="2026-02-02T11:58:46.417075" level="FAIL">ConnectionError: HTTPConnectionPool(host='127.0.0.1', port=5000): Max retries exceeded with url: /users (Caused by NewConnectionError("HTTPConnection(host='127.0.0.1', port=5000): Failed to establish a new connection: [WinError 10061] No connection could be made because the target machine actively refused it"))</msg>
<var>${response}</var>
<arg>mysession</arg>
<arg>/users</arg>
<doc>Sends a GET request on a previously created HTTP Session.</doc>
<status status="FAIL" start="2026-02-02T11:58:37.680004" elapsed="9.178124">ConnectionError: HTTPConnectionPool(host='127.0.0.1', port=5000): Max retries exceeded with url: /users (Caused by NewConnectionError("HTTPConnection(host='127.0.0.1', port=5000): Failed to establish a new connection: [WinError 10061] No connection could be made because the target machine actively refused it"))</status>
</kw>
<kw name="Status Should Be" owner="RequestsLibrary">
<arg>200</arg>
<arg>${response}</arg>
<doc>Fails if response status code is different than the expected.</doc>
<status status="NOT RUN" start="2026-02-02T11:58:46.858958" elapsed="0.000089"/>
</kw>
<kw name="To Json" owner="RequestsLibrary">
<msg time="2026-02-02T11:58:46.859373" level="WARN">Keyword 'RequestsLibrary.To Json' is deprecated. Please use ${resp.json()} instead. Have a look at the improved HTML output as pretty printing replacement.</msg>
<var>${res_jon}</var>
<arg>${response.content}</arg>
<doc>*DEPRECATED* Please use ${resp.json()} instead. Have a look at the improved HTML output as pretty printing replacement.</doc>
<status status="NOT RUN" start="2026-02-02T11:58:46.859336" elapsed="0.000488"/>
</kw>
<kw name="Log" owner="BuiltIn">
<arg>${res_jon}=</arg>
<arg>console=True</arg>
<doc>Logs the given message with the given level.</doc>
<status status="NOT RUN" start="2026-02-02T11:58:46.860116" elapsed="0.000032"/>
</kw>
<status status="FAIL" start="2026-02-02T11:58:37.675891" elapsed="9.184725">ConnectionError: HTTPConnectionPool(host='127.0.0.1', port=5000): Max retries exceeded with url: /users (Caused by NewConnectionError("HTTPConnection(host='127.0.0.1', port=5000): Failed to establish a new connection: [WinError 10061] No connection could be made because the target machine actively refused it"))</status>
</test>
<status status="FAIL" start="2026-02-02T11:58:37.247396" elapsed="9.614570"/>
</suite>
<statistics>
<total>
<stat pass="0" fail="1" skip="0">All Tests</stat>
</total>
<tag>
</tag>
<suite>
<stat name="TC009 flaskapi" id="s1" pass="0" fail="1" skip="0">TC009 flaskapi</stat>
</suite>
</statistics>
<errors>
<msg time="2026-02-02T11:58:39.725351" level="WARN">Retrying (RetryAdapter(total=2, connect=None, read=None, redirect=None, status=None)) after connection broken by 'NewConnectionError("HTTPConnection(host='127.0.0.1', port=5000): Failed to establish a new connection: [WinError 10061] No connection could be made because the target machine actively refused it")': /users</msg>
<msg time="2026-02-02T11:58:41.951115" level="WARN">Retrying (RetryAdapter(total=1, connect=None, read=None, redirect=None, status=None)) after connection broken by 'NewConnectionError("HTTPConnection(host='127.0.0.1', port=5000): Failed to establish a new connection: [WinError 10061] No connection could be made because the target machine actively refused it")': /users</msg>
<msg time="2026-02-02T11:58:44.380648" level="WARN">Retrying (RetryAdapter(total=0, connect=None, read=None, redirect=None, status=None)) after connection broken by 'NewConnectionError("HTTPConnection(host='127.0.0.1', port=5000): Failed to establish a new connection: [WinError 10061] No connection could be made because the target machine actively refused it")': /users</msg>
<msg time="2026-02-02T11:58:46.859373" level="WARN">Keyword 'RequestsLibrary.To Json' is deprecated. Please use ${resp.json()} instead. Have a look at the improved HTML output as pretty printing replacement.</msg>
</errors>
</robot>
